[35m[Appium][39m Welcome to Appium v1.22.3
[35m[Appium][39m Non-default server args:
[35m[Appium][39m   port: 50304
[35m[Appium][39m   loglevel: info
[35m[Appium][39m   tmpDir: C:\Users\FACHRY~1\AppData\Local\Temp\\Katalon\Appium\Temp1683704179952
[35m[Appium][39m   chromedriverPort: 50305
[35m[Appium][39m Deprecated server args:
[35m[Appium][39m   [31m--chromedriver-port[39m => --default-capabilities
[35m[Appium][39m Default capabilities, which will be added to each request unless overridden by desired capabilities:
[35m[Appium][39m   chromedriverPort: 50305
[35m[Appium][39m Appium REST http interface listener started on 0.0.0.0:50304
[35m[HTTP][39m [37m-->[39m [37mGET[39m [37m/wd/hub/status[39m
[35m[HTTP][39m [90m{}[39m
[35m[HTTP][39m [37m<-- GET /wd/hub/status [39m[32m200[39m [90m13 ms - 68[39m
[35m[HTTP][39m [90m[39m
[35m[HTTP][39m [37m-->[39m [37mGET[39m [37m/wd/hub/status[39m
[35m[HTTP][39m [90m{}[39m
[35m[HTTP][39m [37m<-- GET /wd/hub/status [39m[32m200[39m [90m2 ms - 68[39m
[35m[HTTP][39m [90m[39m
[35m[HTTP][39m [37m-->[39m [37mPOST[39m [37m/wd/hub/session[39m
[35m[HTTP][39m [90m{"desiredCapabilities":{"appActivity":".Settings","appPackage":"com.android.settings","newCommandTimeout":1800,"platformVersion":"9","automationName":"uiautomator2","autoGrantPermissions":true,"platformName":"Android","udid":"emulator-5554","deviceName":"emulator-5554 (AOSP on IA Emulator - Android 9)","platform":"ANDROID","systemPort":8211},"capabilities":{"firstMatch":[{"appium:appActivity":".Settings","appium:appPackage":"com.android.settings","appium:autoGrantPermissions":true,"appium:automationName":"uiautomator2","appium:deviceName":"emulator-5554 (AOSP on IA Emulator - Android 9)","appium:newCommandTimeout":1800,"platform":"ANDROID","platformName":"android","appium:platformVersion":"9","appium:systemPort":8211,"appium:udid":"emulator-5554"}]}}[39m
[35m[BaseDriver][39m The following capabilities are not standard capabilities and should have an extension prefix:
[35m[BaseDriver][39m   platform
[35m[BaseDriver][39m   chromedriverPort
[35m[Appium][39m Appium v1.22.3 creating new AndroidUiautomator2Driver (v1.70.1) session
[35m[BaseDriver][39m The following capabilities were provided, but are not recognized by Appium:
[35m[BaseDriver][39m   platform
[35m[BaseDriver][39m Session created with session id: b0110f2e-22c9-41dd-a599-53e0d3f2c0f9
[35m[UiAutomator2][39m Starting 'com.android.settings' directly on the device
[35m[ADB][39m Found 1 'build-tools' folders under 'C:\Users\Fachry Ramadhan\.katalon\tools\android_sdk' (newest first):
[35m[ADB][39m     C:/Users/Fachry Ramadhan/.katalon/tools/android_sdk/build-tools/29.0.3
[35m[ADB][39m Using 'adb.exe' from 'C:\Users\Fachry Ramadhan\.katalon\tools\android_sdk\platform-tools\adb.exe'
[35m[AndroidDriver][39m Retrieving device list
[35m[AndroidDriver][39m Using device: emulator-5554
[35m[ADB][39m Using 'adb.exe' from 'C:\Users\Fachry Ramadhan\.katalon\tools\android_sdk\platform-tools\adb.exe'
[35m[ADB][39m Getting device platform version
[35m[UiAutomator2][39m Relaxing hidden api policy
[35m[AndroidDriver][39m No app sent in, not parsing package/activity
[35m[ADB][39m Using 'apksigner.jar' from 'C:\Users\Fachry Ramadhan\.katalon\tools\android_sdk\build-tools\29.0.3\lib\apksigner.jar'
[35m[ADB][39m 'C:\Users\Fachry Ramadhan\AppData\Roaming\npm\node_modules\appium\node_modules\appium-uiautomator2-server\apks\appium-uiautomator2-server-v4.27.0.apk' is signed with the default certificate
[35m[ADB][39m 'C:\Users\Fachry Ramadhan\AppData\Roaming\npm\node_modules\appium\node_modules\appium-uiautomator2-server\apks\appium-uiautomator2-server-debug-androidTest.apk' is signed with the default certificate
[35m[UiAutomator2][39m Server packages are not going to be (re)installed
[35m[ADB][39m Adding packages ["io.appium.settings","io.appium.uiautomator2.server","io.appium.uiautomator2.server.test"] to Doze whitelist
[35m[UiAutomator2][39m Starting UIAutomator2 server 4.27.0
[35m[UiAutomator2][39m Using UIAutomator2 server from 'C:\Users\Fachry Ramadhan\AppData\Roaming\npm\node_modules\appium\node_modules\appium-uiautomator2-server\apks\appium-uiautomator2-server-v4.27.0.apk' and test from 'C:\Users\Fachry Ramadhan\AppData\Roaming\npm\node_modules\appium\node_modules\appium-uiautomator2-server\apks\appium-uiautomator2-server-debug-androidTest.apk'
[35m[UiAutomator2][39m Waiting up to 30000ms for UiAutomator2 to be online...
[35m[WD Proxy][39m socket hang up
[35m[WD Proxy][39m socket hang up
[35m[WD Proxy][39m socket hang up
[35m[WD Proxy][39m Determined the downstream protocol as 'W3C'
[35m[AndroidDriver][39m Screen already unlocked, doing nothing
[35m[UiAutomator2][39m Starting 'com.android.settings/.Settings and waiting for 'com.android.settings/.Settings'
[35m[Appium][39m New AndroidUiautomator2Driver session created successfully, session b0110f2e-22c9-41dd-a599-53e0d3f2c0f9 added to master session list
[35m[HTTP][39m [37m<-- POST /wd/hub/session [39m[32m200[39m [90m9713 ms - 1190[39m
[35m[HTTP][39m [90m[39m
[35m[HTTP][39m [37m-->[39m [37mGET[39m [37m/wd/hub/session/b0110f2e-22c9-41dd-a599-53e0d3f2c0f9[39m
[35m[HTTP][39m [90m{}[39m
[35m[HTTP][39m [37m<-- GET /wd/hub/session/b0110f2e-22c9-41dd-a599-53e0d3f2c0f9 [39m[32m200[39m [90m20 ms - 1144[39m
[35m[HTTP][39m [90m[39m
[35m[HTTP][39m [37m-->[39m [37mGET[39m [37m/wd/hub/session/b0110f2e-22c9-41dd-a599-53e0d3f2c0f9[39m
[35m[HTTP][39m [90m{}[39m
[35m[HTTP][39m [37m<-- GET /wd/hub/session/b0110f2e-22c9-41dd-a599-53e0d3f2c0f9 [39m[32m200[39m [90m32 ms - 1144[39m
[35m[HTTP][39m [90m[39m
[35m[HTTP][39m [37m-->[39m [37mGET[39m [37m/wd/hub/status[39m
[35m[HTTP][39m [90m{}[39m
[35m[HTTP][39m [37m<-- GET /wd/hub/status [39m[32m200[39m [90m1 ms - 68[39m
[35m[HTTP][39m [90m[39m
[35m[HTTP][39m [37m-->[39m [37mPOST[39m [37m/wd/hub/session/b0110f2e-22c9-41dd-a599-53e0d3f2c0f9/timeouts[39m
[35m[HTTP][39m [90m{"implicit":60000}[39m
[35m[HTTP][39m [37m<-- POST /wd/hub/session/b0110f2e-22c9-41dd-a599-53e0d3f2c0f9/timeouts [39m[32m200[39m [90m4 ms - 14[39m
[35m[HTTP][39m [90m[39m
[35m[HTTP][39m [37m-->[39m [37mGET[39m [37m/wd/hub/session/b0110f2e-22c9-41dd-a599-53e0d3f2c0f9/screenshot[39m
[35m[HTTP][39m [90m{}[39m
[35m[HTTP][39m [37m<-- GET /wd/hub/session/b0110f2e-22c9-41dd-a599-53e0d3f2c0f9/screenshot [39m[32m200[39m [90m847 ms - 66526[39m
[35m[HTTP][39m [90m[39m
[35m[HTTP][39m [37m-->[39m [37mGET[39m [37m/wd/hub/session/b0110f2e-22c9-41dd-a599-53e0d3f2c0f9/window/rect[39m
[35m[HTTP][39m [90m{}[39m
[35m[HTTP][39m [37m<-- GET /wd/hub/session/b0110f2e-22c9-41dd-a599-53e0d3f2c0f9/window/rect [39m[32m200[39m [90m35 ms - 50[39m
[35m[HTTP][39m [90m[39m
[35m[HTTP][39m [37m-->[39m [37mGET[39m [37m/wd/hub/session/b0110f2e-22c9-41dd-a599-53e0d3f2c0f9/appium/device/system_bars[39m
[35m[HTTP][39m [90m{}[39m
[35m[HTTP][39m [37m<-- GET /wd/hub/session/b0110f2e-22c9-41dd-a599-53e0d3f2c0f9/appium/device/system_bars [39m[32m200[39m [90m109 ms - 148[39m
[35m[HTTP][39m [90m[39m
[35m[HTTP][39m [37m-->[39m [37mPOST[39m [37m/wd/hub/session/b0110f2e-22c9-41dd-a599-53e0d3f2c0f9/appium/device/activate_app[39m
[35m[HTTP][39m [90m{"bundleId":"com.ecwid.ShopAt.HappyDayShopping"}[39m
[35m[HTTP][39m [37m<-- POST /wd/hub/session/b0110f2e-22c9-41dd-a599-53e0d3f2c0f9/appium/device/activate_app [39m[32m200[39m [90m592 ms - 14[39m
[35m[HTTP][39m [90m[39m
[35m[HTTP][39m [37m-->[39m [37mGET[39m [37m/wd/hub/session/b0110f2e-22c9-41dd-a599-53e0d3f2c0f9/source[39m
[35m[HTTP][39m [90m{}[39m
[35m[W3C (b0110f2e)][39m Driver proxy active, passing request on via HTTP proxy
[35m[WD Proxy][39m Replacing sessionId 05f40fbc-9e44-4a0c-b5c5-d19369759ee9 with b0110f2e-22c9-41dd-a599-53e0d3f2c0f9
[35m[HTTP][39m [37m<-- GET /wd/hub/session/b0110f2e-22c9-41dd-a599-53e0d3f2c0f9/source [39m[32m200[39m [90m611 ms - 9532[39m
[35m[HTTP][39m [90m[39m
[35m[HTTP][39m [37m-->[39m [37mGET[39m [37m/wd/hub/session/b0110f2e-22c9-41dd-a599-53e0d3f2c0f9/screenshot[39m
[35m[HTTP][39m [90m{}[39m
[35m[HTTP][39m [37m<-- GET /wd/hub/session/b0110f2e-22c9-41dd-a599-53e0d3f2c0f9/screenshot [39m[32m200[39m [90m965 ms - 223524[39m
[35m[HTTP][39m [90m[39m
[35m[HTTP][39m [37m-->[39m [37mGET[39m [37m/wd/hub/session/b0110f2e-22c9-41dd-a599-53e0d3f2c0f9/source[39m
[35m[HTTP][39m [90m{}[39m
[35m[W3C (b0110f2e)][39m Driver proxy active, passing request on via HTTP proxy
[35m[WD Proxy][39m Replacing sessionId 05f40fbc-9e44-4a0c-b5c5-d19369759ee9 with b0110f2e-22c9-41dd-a599-53e0d3f2c0f9
[35m[HTTP][39m [37m<-- GET /wd/hub/session/b0110f2e-22c9-41dd-a599-53e0d3f2c0f9/source [39m[32m200[39m [90m713 ms - 31612[39m
[35m[HTTP][39m [90m[39m
[35m[HTTP][39m [37m-->[39m [37mGET[39m [37m/wd/hub/session/b0110f2e-22c9-41dd-a599-53e0d3f2c0f9/screenshot[39m
[35m[HTTP][39m [90m{}[39m
[35m[HTTP][39m [37m<-- GET /wd/hub/session/b0110f2e-22c9-41dd-a599-53e0d3f2c0f9/screenshot [39m[32m200[39m [90m2685 ms - 2580310[39m
[35m[HTTP][39m [90m[39m
[35m[HTTP][39m [37m-->[39m [37mPOST[39m [37m/wd/hub/session/b0110f2e-22c9-41dd-a599-53e0d3f2c0f9/elements[39m
[35m[HTTP][39m [90m{"using":"xpath","value":"//*[@class = 'android.view.ViewGroup' and (@text = '' or . = '')]"}[39m
[35m[HTTP][39m [37m<-- POST /wd/hub/session/b0110f2e-22c9-41dd-a599-53e0d3f2c0f9/elements [39m[32m200[39m [90m1463 ms - 4619[39m
[35m[HTTP][39m [90m[39m
[35m[HTTP][39m [37m-->[39m [37mPOST[39m [37m/wd/hub/session/b0110f2e-22c9-41dd-a599-53e0d3f2c0f9/elements[39m
[35m[HTTP][39m [90m{"using":"-android uiautomator","value":"new UiSelector().className(\"android.view.ViewGroup\")"}[39m
[35m[HTTP][39m [37m<-- POST /wd/hub/session/b0110f2e-22c9-41dd-a599-53e0d3f2c0f9/elements [39m[32m200[39m [90m625 ms - 4619[39m
[35m[HTTP][39m [90m[39m
[35m[HTTP][39m [37m-->[39m [37mGET[39m [37m/wd/hub/session/b0110f2e-22c9-41dd-a599-53e0d3f2c0f9/window/rect[39m
[35m[HTTP][39m [90m{}[39m
[35m[HTTP][39m [37m<-- GET /wd/hub/session/b0110f2e-22c9-41dd-a599-53e0d3f2c0f9/window/rect [39m[32m200[39m [90m23 ms - 50[39m
[35m[HTTP][39m [90m[39m
[35m[HTTP][39m [37m-->[39m [37mPOST[39m [37m/wd/hub/session/b0110f2e-22c9-41dd-a599-53e0d3f2c0f9/elements[39m
[35m[HTTP][39m [90m{"using":"xpath","value":"//hierarchy/android.widget.FrameLayout[1]/android.widget.LinearLayout[1]/android.widget.FrameLayout[1]/android.widget.LinearLayout[1]/android.widget.FrameLayout[1]/android.widget.FrameLayout[1]/android.view.ViewGroup[1]/android.view.ViewGroup[2]/android.view.ViewGroup[1]/android.view.ViewGroup[1]/android.view.ViewGroup[1]/android.view.ViewGroup[1]/android.view.ViewGroup[1]/android.view.ViewGroup[1]/android.view.ViewGroup[1]/android.widget.ScrollView[1]/android.view.ViewGroup[1]/android.widget.ScrollView[1]/android.view.ViewGroup[1]/android.widget.ScrollView[1]/android.view.ViewGroup[1]/android.view.ViewGroup[2]/android.view.ViewGroup[1]/android.view.ViewGroup[1]/android.view.ViewGroup[1]"}[39m
[35m[HTTP][39m [37m<-- POST /wd/hub/session/b0110f2e-22c9-41dd-a599-53e0d3f2c0f9/elements [39m[32m200[39m [90m243 ms - 139[39m
[35m[HTTP][39m [90m[39m
[35m[HTTP][39m [37m-->[39m [37mGET[39m [37m/wd/hub/session/b0110f2e-22c9-41dd-a599-53e0d3f2c0f9/element/00000000-0000-0019-ffff-ffff000001b6/location[39m
[35m[HTTP][39m [90m{}[39m
[35m[W3C (b0110f2e)][39m Driver proxy active, passing request on via HTTP proxy
[35m[WD Proxy][39m Replacing sessionId 05f40fbc-9e44-4a0c-b5c5-d19369759ee9 with b0110f2e-22c9-41dd-a599-53e0d3f2c0f9
[35m[HTTP][39m [37m<-- GET /wd/hub/session/b0110f2e-22c9-41dd-a599-53e0d3f2c0f9/element/00000000-0000-0019-ffff-ffff000001b6/location [39m[32m200[39m [90m45 ms - 78[39m
[35m[HTTP][39m [90m[39m
[35m[HTTP][39m [37m-->[39m [37mPOST[39m [37m/wd/hub/session/b0110f2e-22c9-41dd-a599-53e0d3f2c0f9/element/00000000-0000-0019-ffff-ffff000001b6/click[39m
[35m[HTTP][39m [90m{"id":"00000000-0000-0019-ffff-ffff000001b6"}[39m
[35m[HTTP][39m [37m<-- POST /wd/hub/session/b0110f2e-22c9-41dd-a599-53e0d3f2c0f9/element/00000000-0000-0019-ffff-ffff000001b6/click [39m[32m200[39m [90m47 ms - 14[39m
[35m[HTTP][39m [90m[39m
[35m[HTTP][39m [37m-->[39m [37mGET[39m [37m/wd/hub/session/b0110f2e-22c9-41dd-a599-53e0d3f2c0f9/source[39m
[35m[HTTP][39m [90m{}[39m
[35m[W3C (b0110f2e)][39m Driver proxy active, passing request on via HTTP proxy
[35m[WD Proxy][39m Replacing sessionId 05f40fbc-9e44-4a0c-b5c5-d19369759ee9 with b0110f2e-22c9-41dd-a599-53e0d3f2c0f9
[35m[HTTP][39m [37m<-- GET /wd/hub/session/b0110f2e-22c9-41dd-a599-53e0d3f2c0f9/source [39m[32m200[39m [90m951 ms - 23062[39m
[35m[HTTP][39m [90m[39m
[35m[HTTP][39m [37m-->[39m [37mGET[39m [37m/wd/hub/session/b0110f2e-22c9-41dd-a599-53e0d3f2c0f9/screenshot[39m
[35m[HTTP][39m [90m{}[39m
[35m[HTTP][39m [37m<-- GET /wd/hub/session/b0110f2e-22c9-41dd-a599-53e0d3f2c0f9/screenshot [39m[32m200[39m [90m791 ms - 125100[39m
[35m[HTTP][39m [90m[39m
[35m[HTTP][39m [37m-->[39m [37mGET[39m [37m/wd/hub/session/b0110f2e-22c9-41dd-a599-53e0d3f2c0f9/source[39m
[35m[HTTP][39m [90m{}[39m
[35m[W3C (b0110f2e)][39m Driver proxy active, passing request on via HTTP proxy
[35m[WD Proxy][39m Replacing sessionId 05f40fbc-9e44-4a0c-b5c5-d19369759ee9 with b0110f2e-22c9-41dd-a599-53e0d3f2c0f9
[35m[HTTP][39m [37m<-- GET /wd/hub/session/b0110f2e-22c9-41dd-a599-53e0d3f2c0f9/source [39m[32m200[39m [90m452 ms - 33306[39m
[35m[HTTP][39m [90m[39m
[35m[HTTP][39m [37m-->[39m [37mGET[39m [37m/wd/hub/session/b0110f2e-22c9-41dd-a599-53e0d3f2c0f9/screenshot[39m
[35m[HTTP][39m [90m{}[39m
[35m[HTTP][39m [37m<-- GET /wd/hub/session/b0110f2e-22c9-41dd-a599-53e0d3f2c0f9/screenshot [39m[32m200[39m [90m1023 ms - 791786[39m
[35m[HTTP][39m [90m[39m
[35m[HTTP][39m [37m-->[39m [37mPOST[39m [37m/wd/hub/session/b0110f2e-22c9-41dd-a599-53e0d3f2c0f9/elements[39m
[35m[HTTP][39m [90m{"using":"xpath","value":"//*[@class = 'android.view.ViewGroup' and (@text = '' or . = '')]"}[39m
[35m[HTTP][39m [37m<-- POST /wd/hub/session/b0110f2e-22c9-41dd-a599-53e0d3f2c0f9/elements [39m[32m200[39m [90m516 ms - 4619[39m
[35m[HTTP][39m [90m[39m
[35m[HTTP][39m [37m-->[39m [37mPOST[39m [37m/wd/hub/session/b0110f2e-22c9-41dd-a599-53e0d3f2c0f9/elements[39m
[35m[HTTP][39m [90m{"using":"-android uiautomator","value":"new UiSelector().className(\"android.view.ViewGroup\")"}[39m
[35m[HTTP][39m [37m<-- POST /wd/hub/session/b0110f2e-22c9-41dd-a599-53e0d3f2c0f9/elements [39m[32m200[39m [90m439 ms - 4619[39m
[35m[HTTP][39m [90m[39m
[35m[HTTP][39m [37m-->[39m [37mGET[39m [37m/wd/hub/session/b0110f2e-22c9-41dd-a599-53e0d3f2c0f9/window/rect[39m
[35m[HTTP][39m [90m{}[39m
[35m[HTTP][39m [37m<-- GET /wd/hub/session/b0110f2e-22c9-41dd-a599-53e0d3f2c0f9/window/rect [39m[32m200[39m [90m22 ms - 50[39m
[35m[HTTP][39m [90m[39m
[35m[HTTP][39m [37m-->[39m [37mPOST[39m [37m/wd/hub/session/b0110f2e-22c9-41dd-a599-53e0d3f2c0f9/elements[39m
[35m[HTTP][39m [90m{"using":"xpath","value":"//hierarchy/android.widget.FrameLayout[1]/android.widget.LinearLayout[1]/android.widget.FrameLayout[1]/android.widget.LinearLayout[1]/android.widget.FrameLayout[1]/android.widget.FrameLayout[1]/android.view.ViewGroup[1]/android.view.ViewGroup[2]/android.view.ViewGroup[1]/android.view.ViewGroup[1]/android.view.ViewGroup[1]/android.view.ViewGroup[1]/android.view.ViewGroup[1]/android.view.ViewGroup[1]/android.view.ViewGroup[1]/android.widget.ScrollView[1]/android.view.ViewGroup[1]/android.widget.ScrollView[1]/android.view.ViewGroup[1]/android.view.ViewGroup[1]/android.view.ViewGroup[1]/android.view.ViewGroup[1]/android.view.ViewGroup[1]"}[39m
[35m[HTTP][39m [37m<-- POST /wd/hub/session/b0110f2e-22c9-41dd-a599-53e0d3f2c0f9/elements [39m[32m200[39m [90m225 ms - 139[39m
[35m[HTTP][39m [90m[39m
[35m[HTTP][39m [37m-->[39m [37mGET[39m [37m/wd/hub/session/b0110f2e-22c9-41dd-a599-53e0d3f2c0f9/element/00000000-0000-0019-ffff-ffff00000219/location[39m
[35m[HTTP][39m [90m{}[39m
[35m[W3C (b0110f2e)][39m Driver proxy active, passing request on via HTTP proxy
[35m[WD Proxy][39m Replacing sessionId 05f40fbc-9e44-4a0c-b5c5-d19369759ee9 with b0110f2e-22c9-41dd-a599-53e0d3f2c0f9
[35m[HTTP][39m [37m<-- GET /wd/hub/session/b0110f2e-22c9-41dd-a599-53e0d3f2c0f9/element/00000000-0000-0019-ffff-ffff00000219/location [39m[32m200[39m [90m29 ms - 77[39m
[35m[HTTP][39m [90m[39m
[35m[HTTP][39m [37m-->[39m [37mPOST[39m [37m/wd/hub/session/b0110f2e-22c9-41dd-a599-53e0d3f2c0f9/element/00000000-0000-0019-ffff-ffff00000219/click[39m
[35m[HTTP][39m [90m{"id":"00000000-0000-0019-ffff-ffff00000219"}[39m
[35m[HTTP][39m [37m<-- POST /wd/hub/session/b0110f2e-22c9-41dd-a599-53e0d3f2c0f9/element/00000000-0000-0019-ffff-ffff00000219/click [39m[32m200[39m [90m37 ms - 14[39m
[35m[HTTP][39m [90m[39m
[35m[HTTP][39m [37m-->[39m [37mGET[39m [37m/wd/hub/session/b0110f2e-22c9-41dd-a599-53e0d3f2c0f9/source[39m
[35m[HTTP][39m [90m{}[39m
[35m[W3C (b0110f2e)][39m Driver proxy active, passing request on via HTTP proxy
[35m[WD Proxy][39m Replacing sessionId 05f40fbc-9e44-4a0c-b5c5-d19369759ee9 with b0110f2e-22c9-41dd-a599-53e0d3f2c0f9
[35m[HTTP][39m [37m<-- GET /wd/hub/session/b0110f2e-22c9-41dd-a599-53e0d3f2c0f9/source [39m[32m200[39m [90m1022 ms - 22672[39m
[35m[HTTP][39m [90m[39m
[35m[HTTP][39m [37m-->[39m [37mGET[39m [37m/wd/hub/session/b0110f2e-22c9-41dd-a599-53e0d3f2c0f9/screenshot[39m
[35m[HTTP][39m [90m{}[39m
[35m[HTTP][39m [37m<-- GET /wd/hub/session/b0110f2e-22c9-41dd-a599-53e0d3f2c0f9/screenshot [39m[32m200[39m [90m969 ms - 675190[39m
[35m[HTTP][39m [90m[39m
[35m[HTTP][39m [37m-->[39m [37mGET[39m [37m/wd/hub/session/b0110f2e-22c9-41dd-a599-53e0d3f2c0f9/source[39m
[35m[HTTP][39m [90m{}[39m
[35m[W3C (b0110f2e)][39m Driver proxy active, passing request on via HTTP proxy
[35m[WD Proxy][39m Replacing sessionId 05f40fbc-9e44-4a0c-b5c5-d19369759ee9 with b0110f2e-22c9-41dd-a599-53e0d3f2c0f9
[35m[HTTP][39m [37m<-- GET /wd/hub/session/b0110f2e-22c9-41dd-a599-53e0d3f2c0f9/source [39m[32m200[39m [90m320 ms - 23909[39m
[35m[HTTP][39m [90m[39m
[35m[HTTP][39m [37m-->[39m [37mGET[39m [37m/wd/hub/session/b0110f2e-22c9-41dd-a599-53e0d3f2c0f9/screenshot[39m
[35m[HTTP][39m [90m{}[39m
[35m[HTTP][39m [37m<-- GET /wd/hub/session/b0110f2e-22c9-41dd-a599-53e0d3f2c0f9/screenshot [39m[32m200[39m [90m896 ms - 583452[39m
[35m[HTTP][39m [90m[39m
[35m[HTTP][39m [37m-->[39m [37mPOST[39m [37m/wd/hub/session/b0110f2e-22c9-41dd-a599-53e0d3f2c0f9/elements[39m
[35m[HTTP][39m [90m{"using":"xpath","value":"//*[@class = 'android.widget.EditText' and (@text = '1' or . = '1')]"}[39m
[35m[HTTP][39m [37m<-- POST /wd/hub/session/b0110f2e-22c9-41dd-a599-53e0d3f2c0f9/elements [39m[32m200[39m [90m229 ms - 139[39m
[35m[HTTP][39m [90m[39m
[35m[HTTP][39m [37m-->[39m [37mGET[39m [37m/wd/hub/session/b0110f2e-22c9-41dd-a599-53e0d3f2c0f9/window/rect[39m
[35m[HTTP][39m [90m{}[39m
[35m[HTTP][39m [37m<-- GET /wd/hub/session/b0110f2e-22c9-41dd-a599-53e0d3f2c0f9/window/rect [39m[32m200[39m [90m24 ms - 50[39m
[35m[HTTP][39m [90m[39m
[35m[HTTP][39m [37m-->[39m [37mPOST[39m [37m/wd/hub/session/b0110f2e-22c9-41dd-a599-53e0d3f2c0f9/elements[39m
[35m[HTTP][39m [90m{"using":"xpath","value":"//*[@class = 'android.widget.EditText' and (@text = '1' or . = '1')]"}[39m
[35m[HTTP][39m [37m<-- POST /wd/hub/session/b0110f2e-22c9-41dd-a599-53e0d3f2c0f9/elements [39m[32m200[39m [90m260 ms - 139[39m
[35m[HTTP][39m [90m[39m
[35m[HTTP][39m [37m-->[39m [37mGET[39m [37m/wd/hub/session/b0110f2e-22c9-41dd-a599-53e0d3f2c0f9/element/00000000-0000-0019-ffff-ffff0000024a/location[39m
[35m[HTTP][39m [90m{}[39m
[35m[W3C (b0110f2e)][39m Driver proxy active, passing request on via HTTP proxy
[35m[WD Proxy][39m Replacing sessionId 05f40fbc-9e44-4a0c-b5c5-d19369759ee9 with b0110f2e-22c9-41dd-a599-53e0d3f2c0f9
[35m[HTTP][39m [37m<-- GET /wd/hub/session/b0110f2e-22c9-41dd-a599-53e0d3f2c0f9/element/00000000-0000-0019-ffff-ffff0000024a/location [39m[32m200[39m [90m34 ms - 79[39m
[35m[HTTP][39m [90m[39m
[35m[HTTP][39m [37m-->[39m [37mPOST[39m [37m/wd/hub/session/b0110f2e-22c9-41dd-a599-53e0d3f2c0f9/element/00000000-0000-0019-ffff-ffff0000024a/click[39m
[35m[HTTP][39m [90m{"id":"00000000-0000-0019-ffff-ffff0000024a"}[39m
[35m[HTTP][39m [37m<-- POST /wd/hub/session/b0110f2e-22c9-41dd-a599-53e0d3f2c0f9/element/00000000-0000-0019-ffff-ffff0000024a/click [39m[32m200[39m [90m34 ms - 14[39m
[35m[HTTP][39m [90m[39m
[35m[HTTP][39m [37m-->[39m [37mGET[39m [37m/wd/hub/session/b0110f2e-22c9-41dd-a599-53e0d3f2c0f9/source[39m
[35m[HTTP][39m [90m{}[39m
[35m[W3C (b0110f2e)][39m Driver proxy active, passing request on via HTTP proxy
[35m[WD Proxy][39m Replacing sessionId 05f40fbc-9e44-4a0c-b5c5-d19369759ee9 with b0110f2e-22c9-41dd-a599-53e0d3f2c0f9
[35m[HTTP][39m [37m<-- GET /wd/hub/session/b0110f2e-22c9-41dd-a599-53e0d3f2c0f9/source [39m[32m200[39m [90m691 ms - 14938[39m
[35m[HTTP][39m [90m[39m
[35m[HTTP][39m [37m-->[39m [37mGET[39m [37m/wd/hub/session/b0110f2e-22c9-41dd-a599-53e0d3f2c0f9/screenshot[39m
[35m[HTTP][39m [90m{}[39m
[35m[HTTP][39m [37m<-- GET /wd/hub/session/b0110f2e-22c9-41dd-a599-53e0d3f2c0f9/screenshot [39m[32m200[39m [90m1048 ms - 561046[39m
[35m[HTTP][39m [90m[39m
[35m[HTTP][39m [37m-->[39m [37mPOST[39m [37m/wd/hub/session/b0110f2e-22c9-41dd-a599-53e0d3f2c0f9/elements[39m
[35m[HTTP][39m [90m{"using":"xpath","value":"//*[@class = 'android.widget.EditText' and (@text = '1' or . = '1')]"}[39m
[35m[HTTP][39m [37m<-- POST /wd/hub/session/b0110f2e-22c9-41dd-a599-53e0d3f2c0f9/elements [39m[32m200[39m [90m117 ms - 139[39m
[35m[HTTP][39m [90m[39m
[35m[HTTP][39m [37m-->[39m [37mGET[39m [37m/wd/hub/session/b0110f2e-22c9-41dd-a599-53e0d3f2c0f9/window/rect[39m
[35m[HTTP][39m [90m{}[39m
[35m[HTTP][39m [37m<-- GET /wd/hub/session/b0110f2e-22c9-41dd-a599-53e0d3f2c0f9/window/rect [39m[32m200[39m [90m21 ms - 50[39m
[35m[HTTP][39m [90m[39m
[35m[HTTP][39m [37m-->[39m [37mPOST[39m [37m/wd/hub/session/b0110f2e-22c9-41dd-a599-53e0d3f2c0f9/elements[39m
[35m[HTTP][39m [90m{"using":"xpath","value":"//*[@class = 'android.widget.EditText' and (@text = '1' or . = '1')]"}[39m
[35m[HTTP][39m [37m<-- POST /wd/hub/session/b0110f2e-22c9-41dd-a599-53e0d3f2c0f9/elements [39m[32m200[39m [90m155 ms - 139[39m
[35m[HTTP][39m [90m[39m
[35m[HTTP][39m [37m-->[39m [37mGET[39m [37m/wd/hub/session/b0110f2e-22c9-41dd-a599-53e0d3f2c0f9/element/00000000-0000-0019-ffff-ffff0000024a/location[39m
[35m[HTTP][39m [90m{}[39m
[35m[W3C (b0110f2e)][39m Driver proxy active, passing request on via HTTP proxy
[35m[WD Proxy][39m Replacing sessionId 05f40fbc-9e44-4a0c-b5c5-d19369759ee9 with b0110f2e-22c9-41dd-a599-53e0d3f2c0f9
[35m[HTTP][39m [37m<-- GET /wd/hub/session/b0110f2e-22c9-41dd-a599-53e0d3f2c0f9/element/00000000-0000-0019-ffff-ffff0000024a/location [39m[32m200[39m [90m40 ms - 79[39m
[35m[HTTP][39m [90m[39m
[35m[HTTP][39m [37m-->[39m [37mPOST[39m [37m/wd/hub/session/b0110f2e-22c9-41dd-a599-53e0d3f2c0f9/element/00000000-0000-0019-ffff-ffff0000024a/clear[39m
[35m[HTTP][39m [90m{"id":"00000000-0000-0019-ffff-ffff0000024a"}[39m
[35m[HTTP][39m [37m<-- POST /wd/hub/session/b0110f2e-22c9-41dd-a599-53e0d3f2c0f9/element/00000000-0000-0019-ffff-ffff0000024a/clear [39m[32m200[39m [90m44 ms - 14[39m
[35m[HTTP][39m [90m[39m
[35m[HTTP][39m [37m-->[39m [37mPOST[39m [37m/wd/hub/session/b0110f2e-22c9-41dd-a599-53e0d3f2c0f9/element/00000000-0000-0019-ffff-ffff0000024a/value[39m
[35m[HTTP][39m [90m{"id":"00000000-0000-0019-ffff-ffff0000024a","text":"5","value":["5"]}[39m
[35m[HTTP][39m [37m<-- POST /wd/hub/session/b0110f2e-22c9-41dd-a599-53e0d3f2c0f9/element/00000000-0000-0019-ffff-ffff0000024a/value [39m[32m200[39m [90m603 ms - 14[39m
[35m[HTTP][39m [90m[39m
[35m[HTTP][39m [37m-->[39m [37mGET[39m [37m/wd/hub/session/b0110f2e-22c9-41dd-a599-53e0d3f2c0f9/source[39m
[35m[HTTP][39m [90m{}[39m
[35m[W3C (b0110f2e)][39m Driver proxy active, passing request on via HTTP proxy
[35m[WD Proxy][39m Replacing sessionId 05f40fbc-9e44-4a0c-b5c5-d19369759ee9 with b0110f2e-22c9-41dd-a599-53e0d3f2c0f9
[35m[HTTP][39m [37m<-- GET /wd/hub/session/b0110f2e-22c9-41dd-a599-53e0d3f2c0f9/source [39m[32m200[39m [90m256 ms - 14938[39m
[35m[HTTP][39m [90m[39m
[35m[HTTP][39m [37m-->[39m [37mGET[39m [37m/wd/hub/session/b0110f2e-22c9-41dd-a599-53e0d3f2c0f9/screenshot[39m
[35m[HTTP][39m [90m{}[39m
[35m[HTTP][39m [37m<-- GET /wd/hub/session/b0110f2e-22c9-41dd-a599-53e0d3f2c0f9/screenshot [39m[32m200[39m [90m939 ms - 562562[39m
[35m[HTTP][39m [90m[39m
[35m[HTTP][39m [37m-->[39m [37mGET[39m [37m/wd/hub/session/b0110f2e-22c9-41dd-a599-53e0d3f2c0f9/context[39m
[35m[HTTP][39m [90m{}[39m
[35m[HTTP][39m [37m<-- GET /wd/hub/session/b0110f2e-22c9-41dd-a599-53e0d3f2c0f9/context [39m[32m200[39m [90m3 ms - 22[39m
[35m[HTTP][39m [90m[39m
[35m[HTTP][39m [37m-->[39m [37mGET[39m [37m/wd/hub/session/b0110f2e-22c9-41dd-a599-53e0d3f2c0f9/contexts[39m
[35m[HTTP][39m [90m{}[39m
[35m[HTTP][39m [37m<-- GET /wd/hub/session/b0110f2e-22c9-41dd-a599-53e0d3f2c0f9/contexts [39m[32m200[39m [90m123 ms - 24[39m
[35m[HTTP][39m [90m[39m
[35m[HTTP][39m [37m-->[39m [37mPOST[39m [37m/wd/hub/session/b0110f2e-22c9-41dd-a599-53e0d3f2c0f9/context[39m
[35m[HTTP][39m [90m{"name":"NATIVE_APP"}[39m
[35m[HTTP][39m [37m<-- POST /wd/hub/session/b0110f2e-22c9-41dd-a599-53e0d3f2c0f9/context [39m[32m200[39m [90m3 ms - 14[39m
[35m[HTTP][39m [90m[39m
[35m[HTTP][39m [37m-->[39m [37mPOST[39m [37m/wd/hub/session/b0110f2e-22c9-41dd-a599-53e0d3f2c0f9/appium/device/hide_keyboard[39m
[35m[HTTP][39m [90m{}[39m
[35m[HTTP][39m [37m<-- POST /wd/hub/session/b0110f2e-22c9-41dd-a599-53e0d3f2c0f9/appium/device/hide_keyboard [39m[32m200[39m [90m2800 ms - 14[39m
[35m[HTTP][39m [90m[39m
[35m[HTTP][39m [37m-->[39m [37mPOST[39m [37m/wd/hub/session/b0110f2e-22c9-41dd-a599-53e0d3f2c0f9/context[39m
[35m[HTTP][39m [90m{"name":"NATIVE_APP"}[39m
[35m[HTTP][39m [37m<-- POST /wd/hub/session/b0110f2e-22c9-41dd-a599-53e0d3f2c0f9/context [39m[32m200[39m [90m2 ms - 14[39m
[35m[HTTP][39m [90m[39m
[35m[HTTP][39m [37m-->[39m [37mGET[39m [37m/wd/hub/session/b0110f2e-22c9-41dd-a599-53e0d3f2c0f9/source[39m
[35m[HTTP][39m [90m{}[39m
[35m[W3C (b0110f2e)][39m Driver proxy active, passing request on via HTTP proxy
[35m[WD Proxy][39m Replacing sessionId 05f40fbc-9e44-4a0c-b5c5-d19369759ee9 with b0110f2e-22c9-41dd-a599-53e0d3f2c0f9
[35m[HTTP][39m [37m<-- GET /wd/hub/session/b0110f2e-22c9-41dd-a599-53e0d3f2c0f9/source [39m[32m200[39m [90m950 ms - 23908[39m
[35m[HTTP][39m [90m[39m
[35m[HTTP][39m [37m-->[39m [37mGET[39m [37m/wd/hub/session/b0110f2e-22c9-41dd-a599-53e0d3f2c0f9/screenshot[39m
[35m[HTTP][39m [90m{}[39m
[35m[HTTP][39m [37m<-- GET /wd/hub/session/b0110f2e-22c9-41dd-a599-53e0d3f2c0f9/screenshot [39m[32m200[39m [90m901 ms - 585490[39m
[35m[HTTP][39m [90m[39m
[35m[HTTP][39m [37m-->[39m [37mPOST[39m [37m/wd/hub/session/b0110f2e-22c9-41dd-a599-53e0d3f2c0f9/elements[39m
[35m[HTTP][39m [90m{"using":"xpath","value":"//*[@class = 'android.view.ViewGroup' and (@text = '' or . = '')]"}[39m
[35m[HTTP][39m [37m<-- POST /wd/hub/session/b0110f2e-22c9-41dd-a599-53e0d3f2c0f9/elements [39m[32m200[39m [90m259 ms - 3211[39m
[35m[HTTP][39m [90m[39m
[35m[HTTP][39m [37m-->[39m [37mPOST[39m [37m/wd/hub/session/b0110f2e-22c9-41dd-a599-53e0d3f2c0f9/elements[39m
[35m[HTTP][39m [90m{"using":"-android uiautomator","value":"new UiSelector().className(\"android.view.ViewGroup\")"}[39m
[35m[HTTP][39m [37m<-- POST /wd/hub/session/b0110f2e-22c9-41dd-a599-53e0d3f2c0f9/elements [39m[32m200[39m [90m303 ms - 3211[39m
[35m[HTTP][39m [90m[39m
[35m[HTTP][39m [37m-->[39m [37mGET[39m [37m/wd/hub/session/b0110f2e-22c9-41dd-a599-53e0d3f2c0f9/window/rect[39m
[35m[HTTP][39m [90m{}[39m
[35m[HTTP][39m [37m<-- GET /wd/hub/session/b0110f2e-22c9-41dd-a599-53e0d3f2c0f9/window/rect [39m[32m200[39m [90m16 ms - 50[39m
[35m[HTTP][39m [90m[39m
[35m[HTTP][39m [37m-->[39m [37mPOST[39m [37m/wd/hub/session/b0110f2e-22c9-41dd-a599-53e0d3f2c0f9/elements[39m
[35m[HTTP][39m [90m{"using":"xpath","value":"//hierarchy/android.widget.FrameLayout[1]/android.widget.LinearLayout[1]/android.widget.FrameLayout[1]/android.widget.LinearLayout[1]/android.widget.FrameLayout[1]/android.widget.FrameLayout[1]/android.view.ViewGroup[1]/android.view.ViewGroup[2]/android.view.ViewGroup[1]/android.view.ViewGroup[1]/android.view.ViewGroup[1]/android.view.ViewGroup[1]/android.view.ViewGroup[1]/android.view.ViewGroup[1]/android.view.ViewGroup[1]/android.view.ViewGroup[1]/android.widget.ScrollView[1]/android.view.ViewGroup[1]/android.view.ViewGroup[3]/android.view.ViewGroup[1]"}[39m
[35m[HTTP][39m [37m<-- POST /wd/hub/session/b0110f2e-22c9-41dd-a599-53e0d3f2c0f9/elements [39m[32m200[39m [90m154 ms - 139[39m
[35m[HTTP][39m [90m[39m
[35m[HTTP][39m [37m-->[39m [37mGET[39m [37m/wd/hub/session/b0110f2e-22c9-41dd-a599-53e0d3f2c0f9/element/00000000-0000-0019-ffff-ffff0000024b/location[39m
[35m[HTTP][39m [90m{}[39m
[35m[W3C (b0110f2e)][39m Driver proxy active, passing request on via HTTP proxy
[35m[WD Proxy][39m Replacing sessionId 05f40fbc-9e44-4a0c-b5c5-d19369759ee9 with b0110f2e-22c9-41dd-a599-53e0d3f2c0f9
[35m[HTTP][39m [37m<-- GET /wd/hub/session/b0110f2e-22c9-41dd-a599-53e0d3f2c0f9/element/00000000-0000-0019-ffff-ffff0000024b/location [39m[32m200[39m [90m49 ms - 78[39m
[35m[HTTP][39m [90m[39m
[35m[HTTP][39m [37m-->[39m [37mPOST[39m [37m/wd/hub/session/b0110f2e-22c9-41dd-a599-53e0d3f2c0f9/element/00000000-0000-0019-ffff-ffff0000024b/click[39m
[35m[HTTP][39m [90m{"id":"00000000-0000-0019-ffff-ffff0000024b"}[39m
[35m[HTTP][39m [37m<-- POST /wd/hub/session/b0110f2e-22c9-41dd-a599-53e0d3f2c0f9/element/00000000-0000-0019-ffff-ffff0000024b/click [39m[32m200[39m [90m47 ms - 14[39m
[35m[HTTP][39m [90m[39m
[35m[HTTP][39m [37m-->[39m [37mGET[39m [37m/wd/hub/session/b0110f2e-22c9-41dd-a599-53e0d3f2c0f9/source[39m
[35m[HTTP][39m [90m{}[39m
[35m[W3C (b0110f2e)][39m Driver proxy active, passing request on via HTTP proxy
[35m[WD Proxy][39m Replacing sessionId 05f40fbc-9e44-4a0c-b5c5-d19369759ee9 with b0110f2e-22c9-41dd-a599-53e0d3f2c0f9
[35m[HTTP][39m [37m<-- GET /wd/hub/session/b0110f2e-22c9-41dd-a599-53e0d3f2c0f9/source [39m[32m200[39m [90m330 ms - 23909[39m
[35m[HTTP][39m [90m[39m
[35m[HTTP][39m [37m-->[39m [37mGET[39m [37m/wd/hub/session/b0110f2e-22c9-41dd-a599-53e0d3f2c0f9/screenshot[39m
[35m[HTTP][39m [90m{}[39m
[35m[HTTP][39m [37m<-- GET /wd/hub/session/b0110f2e-22c9-41dd-a599-53e0d3f2c0f9/screenshot [39m[32m200[39m [90m900 ms - 585432[39m
[35m[HTTP][39m [90m[39m
[35m[HTTP][39m [37m-->[39m [37mGET[39m [37m/wd/hub/session/b0110f2e-22c9-41dd-a599-53e0d3f2c0f9/source[39m
[35m[HTTP][39m [90m{}[39m
[35m[W3C (b0110f2e)][39m Driver proxy active, passing request on via HTTP proxy
[35m[WD Proxy][39m Replacing sessionId 05f40fbc-9e44-4a0c-b5c5-d19369759ee9 with b0110f2e-22c9-41dd-a599-53e0d3f2c0f9
[35m[HTTP][39m [37m<-- GET /wd/hub/session/b0110f2e-22c9-41dd-a599-53e0d3f2c0f9/source [39m[32m200[39m [90m358 ms - 23909[39m
[35m[HTTP][39m [90m[39m
[35m[HTTP][39m [37m-->[39m [37mGET[39m [37m/wd/hub/session/b0110f2e-22c9-41dd-a599-53e0d3f2c0f9/screenshot[39m
[35m[HTTP][39m [90m{}[39m
[35m[HTTP][39m [37m<-- GET /wd/hub/session/b0110f2e-22c9-41dd-a599-53e0d3f2c0f9/screenshot [39m[32m200[39m [90m1040 ms - 585432[39m
[35m[HTTP][39m [90m[39m
[35m[HTTP][39m [37m-->[39m [37mPOST[39m [37m/wd/hub/session/b0110f2e-22c9-41dd-a599-53e0d3f2c0f9/elements[39m
[35m[HTTP][39m [90m{"using":"xpath","value":"//*[@class = 'android.widget.TextView' and (@text = 'Add to Bag' or . = 'Add to Bag')]"}[39m
[35m[HTTP][39m [37m<-- POST /wd/hub/session/b0110f2e-22c9-41dd-a599-53e0d3f2c0f9/elements [39m[32m200[39m [90m215 ms - 139[39m
[35m[HTTP][39m [90m[39m
[35m[HTTP][39m [37m-->[39m [37mGET[39m [37m/wd/hub/session/b0110f2e-22c9-41dd-a599-53e0d3f2c0f9/window/rect[39m
[35m[HTTP][39m [90m{}[39m
[35m[HTTP][39m [37m<-- GET /wd/hub/session/b0110f2e-22c9-41dd-a599-53e0d3f2c0f9/window/rect [39m[32m200[39m [90m20 ms - 50[39m
[35m[HTTP][39m [90m[39m
[35m[HTTP][39m [37m-->[39m [37mPOST[39m [37m/wd/hub/session/b0110f2e-22c9-41dd-a599-53e0d3f2c0f9/elements[39m
[35m[HTTP][39m [90m{"using":"xpath","value":"//*[@class = 'android.widget.TextView' and (@text = 'Add to Bag' or . = 'Add to Bag')]"}[39m
[35m[HTTP][39m [37m<-- POST /wd/hub/session/b0110f2e-22c9-41dd-a599-53e0d3f2c0f9/elements [39m[32m200[39m [90m254 ms - 139[39m
[35m[HTTP][39m [90m[39m
[35m[HTTP][39m [37m-->[39m [37mGET[39m [37m/wd/hub/session/b0110f2e-22c9-41dd-a599-53e0d3f2c0f9/element/00000000-0000-0019-ffff-ffff00000252/location[39m
[35m[HTTP][39m [90m{}[39m
[35m[W3C (b0110f2e)][39m Driver proxy active, passing request on via HTTP proxy
[35m[WD Proxy][39m Replacing sessionId 05f40fbc-9e44-4a0c-b5c5-d19369759ee9 with b0110f2e-22c9-41dd-a599-53e0d3f2c0f9
[35m[HTTP][39m [37m<-- GET /wd/hub/session/b0110f2e-22c9-41dd-a599-53e0d3f2c0f9/element/00000000-0000-0019-ffff-ffff00000252/location [39m[32m200[39m [90m30 ms - 78[39m
[35m[HTTP][39m [90m[39m
[35m[HTTP][39m [37m-->[39m [37mPOST[39m [37m/wd/hub/session/b0110f2e-22c9-41dd-a599-53e0d3f2c0f9/element/00000000-0000-0019-ffff-ffff00000252/click[39m
[35m[HTTP][39m [90m{"id":"00000000-0000-0019-ffff-ffff00000252"}[39m
[35m[HTTP][39m [37m<-- POST /wd/hub/session/b0110f2e-22c9-41dd-a599-53e0d3f2c0f9/element/00000000-0000-0019-ffff-ffff00000252/click [39m[32m200[39m [90m35 ms - 14[39m
[35m[HTTP][39m [90m[39m
[35m[HTTP][39m [37m-->[39m [37mGET[39m [37m/wd/hub/session/b0110f2e-22c9-41dd-a599-53e0d3f2c0f9/source[39m
[35m[HTTP][39m [90m{}[39m
[35m[W3C (b0110f2e)][39m Driver proxy active, passing request on via HTTP proxy
[35m[WD Proxy][39m Replacing sessionId 05f40fbc-9e44-4a0c-b5c5-d19369759ee9 with b0110f2e-22c9-41dd-a599-53e0d3f2c0f9
[35m[HTTP][39m [37m<-- GET /wd/hub/session/b0110f2e-22c9-41dd-a599-53e0d3f2c0f9/source [39m[32m200[39m [90m1704 ms - 24763[39m
[35m[HTTP][39m [90m[39m
[35m[HTTP][39m [37m-->[39m [37mGET[39m [37m/wd/hub/session/b0110f2e-22c9-41dd-a599-53e0d3f2c0f9/screenshot[39m
[35m[HTTP][39m [90m{}[39m
[35m[HTTP][39m [37m<-- GET /wd/hub/session/b0110f2e-22c9-41dd-a599-53e0d3f2c0f9/screenshot [39m[32m200[39m [90m958 ms - 598400[39m
[35m[HTTP][39m [90m[39m
[35m[HTTP][39m [37m-->[39m [37mPOST[39m [37m/wd/hub/session/b0110f2e-22c9-41dd-a599-53e0d3f2c0f9/elements[39m
[35m[HTTP][39m [90m{"using":"xpath","value":"//*[@class = 'android.widget.ImageView' and (@text = '' or . = '')]"}[39m
[35m[HTTP][39m [37m<-- POST /wd/hub/session/b0110f2e-22c9-41dd-a599-53e0d3f2c0f9/elements [39m[32m200[39m [90m257 ms - 779[39m
[35m[HTTP][39m [90m[39m
[35m[HTTP][39m [37m-->[39m [37mPOST[39m [37m/wd/hub/session/b0110f2e-22c9-41dd-a599-53e0d3f2c0f9/elements[39m
[35m[HTTP][39m [90m{"using":"-android uiautomator","value":"new UiSelector().className(\"android.widget.ImageView\")"}[39m
[35m[HTTP][39m [37m<-- POST /wd/hub/session/b0110f2e-22c9-41dd-a599-53e0d3f2c0f9/elements [39m[32m200[39m [90m109 ms - 779[39m
[35m[HTTP][39m [90m[39m
[35m[HTTP][39m [37m-->[39m [37mGET[39m [37m/wd/hub/session/b0110f2e-22c9-41dd-a599-53e0d3f2c0f9/window/rect[39m
[35m[HTTP][39m [90m{}[39m
[35m[HTTP][39m [37m<-- GET /wd/hub/session/b0110f2e-22c9-41dd-a599-53e0d3f2c0f9/window/rect [39m[32m200[39m [90m32 ms - 50[39m
[35m[HTTP][39m [90m[39m
[35m[HTTP][39m [37m-->[39m [37mPOST[39m [37m/wd/hub/session/b0110f2e-22c9-41dd-a599-53e0d3f2c0f9/elements[39m
[35m[HTTP][39m [90m{"using":"xpath","value":"//hierarchy/android.widget.FrameLayout[1]/android.widget.LinearLayout[1]/android.widget.FrameLayout[1]/android.widget.LinearLayout[1]/android.widget.FrameLayout[1]/android.widget.FrameLayout[1]/android.view.ViewGroup[1]/android.view.ViewGroup[2]/android.view.ViewGroup[2]/android.view.ViewGroup[3]/android.widget.ImageView[1]"}[39m
[35m[HTTP][39m [37m<-- POST /wd/hub/session/b0110f2e-22c9-41dd-a599-53e0d3f2c0f9/elements [39m[32m200[39m [90m154 ms - 139[39m
[35m[HTTP][39m [90m[39m
[35m[HTTP][39m [37m-->[39m [37mGET[39m [37m/wd/hub/session/b0110f2e-22c9-41dd-a599-53e0d3f2c0f9/element/00000000-0000-0019-ffff-ffff000001eb/location[39m
[35m[HTTP][39m [90m{}[39m
[35m[W3C (b0110f2e)][39m Driver proxy active, passing request on via HTTP proxy
[35m[WD Proxy][39m Replacing sessionId 05f40fbc-9e44-4a0c-b5c5-d19369759ee9 with b0110f2e-22c9-41dd-a599-53e0d3f2c0f9
[35m[HTTP][39m [37m<-- GET /wd/hub/session/b0110f2e-22c9-41dd-a599-53e0d3f2c0f9/element/00000000-0000-0019-ffff-ffff000001eb/location [39m[32m200[39m [90m32 ms - 79[39m
[35m[HTTP][39m [90m[39m
[35m[HTTP][39m [37m-->[39m [37mPOST[39m [37m/wd/hub/session/b0110f2e-22c9-41dd-a599-53e0d3f2c0f9/element/00000000-0000-0019-ffff-ffff000001eb/click[39m
[35m[HTTP][39m [90m{"id":"00000000-0000-0019-ffff-ffff000001eb"}[39m
[35m[HTTP][39m [37m<-- POST /wd/hub/session/b0110f2e-22c9-41dd-a599-53e0d3f2c0f9/element/00000000-0000-0019-ffff-ffff000001eb/click [39m[32m200[39m [90m33 ms - 14[39m
[35m[HTTP][39m [90m[39m
[35m[HTTP][39m [37m-->[39m [37mGET[39m [37m/wd/hub/session/b0110f2e-22c9-41dd-a599-53e0d3f2c0f9/source[39m
[35m[HTTP][39m [90m{}[39m
[35m[W3C (b0110f2e)][39m Driver proxy active, passing request on via HTTP proxy
[35m[WD Proxy][39m Replacing sessionId 05f40fbc-9e44-4a0c-b5c5-d19369759ee9 with b0110f2e-22c9-41dd-a599-53e0d3f2c0f9
[35m[HTTP][39m [37m<-- GET /wd/hub/session/b0110f2e-22c9-41dd-a599-53e0d3f2c0f9/source [39m[32m200[39m [90m318 ms - 25453[39m
[35m[HTTP][39m [90m[39m
[35m[HTTP][39m [37m-->[39m [37mGET[39m [37m/wd/hub/session/b0110f2e-22c9-41dd-a599-53e0d3f2c0f9/screenshot[39m
[35m[HTTP][39m [90m{}[39m
[35m[HTTP][39m [37m<-- GET /wd/hub/session/b0110f2e-22c9-41dd-a599-53e0d3f2c0f9/screenshot [39m[32m200[39m [90m751 ms - 213396[39m
[35m[HTTP][39m [90m[39m
[35m[HTTP][39m [37m-->[39m [37mPOST[39m [37m/wd/hub/session/b0110f2e-22c9-41dd-a599-53e0d3f2c0f9/elements[39m
[35m[HTTP][39m [90m{"using":"xpath","value":"//*[@class = 'android.widget.TextView' and (@text = 'Checkout' or . = 'Checkout')]"}[39m
[35m[HTTP][39m [37m<-- POST /wd/hub/session/b0110f2e-22c9-41dd-a599-53e0d3f2c0f9/elements [39m[32m200[39m [90m196 ms - 139[39m
[35m[HTTP][39m [90m[39m
[35m[HTTP][39m [37m-->[39m [37mGET[39m [37m/wd/hub/session/b0110f2e-22c9-41dd-a599-53e0d3f2c0f9/window/rect[39m
[35m[HTTP][39m [90m{}[39m
[35m[HTTP][39m [37m<-- GET /wd/hub/session/b0110f2e-22c9-41dd-a599-53e0d3f2c0f9/window/rect [39m[32m200[39m [90m28 ms - 50[39m
[35m[HTTP][39m [90m[39m
[35m[HTTP][39m [37m-->[39m [37mPOST[39m [37m/wd/hub/session/b0110f2e-22c9-41dd-a599-53e0d3f2c0f9/elements[39m
[35m[HTTP][39m [90m{"using":"xpath","value":"//*[@class = 'android.widget.TextView' and (@text = 'Checkout' or . = 'Checkout')]"}[39m
[35m[HTTP][39m [37m<-- POST /wd/hub/session/b0110f2e-22c9-41dd-a599-53e0d3f2c0f9/elements [39m[32m200[39m [90m166 ms - 139[39m
[35m[HTTP][39m [90m[39m
[35m[HTTP][39m [37m-->[39m [37mGET[39m [37m/wd/hub/session/b0110f2e-22c9-41dd-a599-53e0d3f2c0f9/element/00000000-0000-0019-ffff-ffff0000026d/location[39m
[35m[HTTP][39m [90m{}[39m
[35m[W3C (b0110f2e)][39m Driver proxy active, passing request on via HTTP proxy
[35m[WD Proxy][39m Replacing sessionId 05f40fbc-9e44-4a0c-b5c5-d19369759ee9 with b0110f2e-22c9-41dd-a599-53e0d3f2c0f9
[35m[HTTP][39m [37m<-- GET /wd/hub/session/b0110f2e-22c9-41dd-a599-53e0d3f2c0f9/element/00000000-0000-0019-ffff-ffff0000026d/location [39m[32m200[39m [90m36 ms - 78[39m
[35m[HTTP][39m [90m[39m
[35m[HTTP][39m [37m-->[39m [37mPOST[39m [37m/wd/hub/session/b0110f2e-22c9-41dd-a599-53e0d3f2c0f9/element/00000000-0000-0019-ffff-ffff0000026d/click[39m
[35m[HTTP][39m [90m{"id":"00000000-0000-0019-ffff-ffff0000026d"}[39m
[35m[HTTP][39m [37m<-- POST /wd/hub/session/b0110f2e-22c9-41dd-a599-53e0d3f2c0f9/element/00000000-0000-0019-ffff-ffff0000026d/click [39m[32m200[39m [90m36 ms - 14[39m
[35m[HTTP][39m [90m[39m
[35m[HTTP][39m [37m-->[39m [37mGET[39m [37m/wd/hub/session/b0110f2e-22c9-41dd-a599-53e0d3f2c0f9/source[39m
[35m[HTTP][39m [90m{}[39m
[35m[W3C (b0110f2e)][39m Driver proxy active, passing request on via HTTP proxy
[35m[WD Proxy][39m Replacing sessionId 05f40fbc-9e44-4a0c-b5c5-d19369759ee9 with b0110f2e-22c9-41dd-a599-53e0d3f2c0f9
[35m[HTTP][39m [37m<-- GET /wd/hub/session/b0110f2e-22c9-41dd-a599-53e0d3f2c0f9/source [39m[32m200[39m [90m2729 ms - 10226[39m
[35m[HTTP][39m [90m[39m
[35m[HTTP][39m [37m-->[39m [37mGET[39m [37m/wd/hub/session/b0110f2e-22c9-41dd-a599-53e0d3f2c0f9/screenshot[39m
[35m[HTTP][39m [90m{}[39m
[35m[HTTP][39m [37m<-- GET /wd/hub/session/b0110f2e-22c9-41dd-a599-53e0d3f2c0f9/screenshot [39m[32m200[39m [90m798 ms - 77508[39m
[35m[HTTP][39m [90m[39m
[35m[HTTP][39m [37m-->[39m [37mGET[39m [37m/wd/hub/session/b0110f2e-22c9-41dd-a599-53e0d3f2c0f9/source[39m
[35m[HTTP][39m [90m{}[39m
[35m[W3C (b0110f2e)][39m Driver proxy active, passing request on via HTTP proxy
[35m[WD Proxy][39m Replacing sessionId 05f40fbc-9e44-4a0c-b5c5-d19369759ee9 with b0110f2e-22c9-41dd-a599-53e0d3f2c0f9
[35m[HTTP][39m [37m<-- GET /wd/hub/session/b0110f2e-22c9-41dd-a599-53e0d3f2c0f9/source [39m[32m200[39m [90m704 ms - 61794[39m
[35m[HTTP][39m [90m[39m
[35m[HTTP][39m [37m-->[39m [37mGET[39m [37m/wd/hub/session/b0110f2e-22c9-41dd-a599-53e0d3f2c0f9/screenshot[39m
[35m[HTTP][39m [90m{}[39m
[35m[HTTP][39m [37m<-- GET /wd/hub/session/b0110f2e-22c9-41dd-a599-53e0d3f2c0f9/screenshot [39m[32m200[39m [90m1011 ms - 400806[39m
[35m[HTTP][39m [90m[39m
[35m[HTTP][39m [37m-->[39m [37mPOST[39m [37m/wd/hub/session/b0110f2e-22c9-41dd-a599-53e0d3f2c0f9/elements[39m
[35m[HTTP][39m [90m{"using":"xpath","value":"//*[@class = 'android.view.View' and (@text = 'If you have any inquiries or updates pls whatsap us at 94617563. ' or . = 'If you have any inquiries or updates pls whatsap us at 94617563. ')]"}[39m
[35m[HTTP][39m [37m<-- POST /wd/hub/session/b0110f2e-22c9-41dd-a599-53e0d3f2c0f9/elements [39m[32m200[39m [90m427 ms - 139[39m
[35m[HTTP][39m [90m[39m
[35m[HTTP][39m [37m-->[39m [37mGET[39m [37m/wd/hub/session/b0110f2e-22c9-41dd-a599-53e0d3f2c0f9/window/rect[39m
[35m[HTTP][39m [90m{}[39m
[35m[HTTP][39m [37m<-- GET /wd/hub/session/b0110f2e-22c9-41dd-a599-53e0d3f2c0f9/window/rect [39m[32m200[39m [90m14 ms - 50[39m
[35m[HTTP][39m [90m[39m
[35m[HTTP][39m [37m-->[39m [37mPOST[39m [37m/wd/hub/session/b0110f2e-22c9-41dd-a599-53e0d3f2c0f9/elements[39m
[35m[HTTP][39m [90m{"using":"xpath","value":"//*[@class = 'android.view.View' and (@text = 'If you have any inquiries or updates pls whatsap us at 94617563. ' or . = 'If you have any inquiries or updates pls whatsap us at 94617563. ')]"}[39m
[35m[HTTP][39m [37m<-- POST /wd/hub/session/b0110f2e-22c9-41dd-a599-53e0d3f2c0f9/elements [39m[32m200[39m [90m246 ms - 139[39m
[35m[HTTP][39m [90m[39m
[35m[HTTP][39m [37m-->[39m [37mGET[39m [37m/wd/hub/session/b0110f2e-22c9-41dd-a599-53e0d3f2c0f9/element/00000000-0000-001b-0000-006000000002/location[39m
[35m[HTTP][39m [90m{}[39m
[35m[W3C (b0110f2e)][39m Driver proxy active, passing request on via HTTP proxy
[35m[WD Proxy][39m Replacing sessionId 05f40fbc-9e44-4a0c-b5c5-d19369759ee9 with b0110f2e-22c9-41dd-a599-53e0d3f2c0f9
[35m[HTTP][39m [37m<-- GET /wd/hub/session/b0110f2e-22c9-41dd-a599-53e0d3f2c0f9/element/00000000-0000-001b-0000-006000000002/location [39m[32m200[39m [90m19 ms - 77[39m
[35m[HTTP][39m [90m[39m
[35m[HTTP][39m [37m-->[39m [37mGET[39m [37m/wd/hub/session/b0110f2e-22c9-41dd-a599-53e0d3f2c0f9/element/00000000-0000-001b-0000-006000000002/text[39m
[35m[HTTP][39m [90m{}[39m
[35m[W3C (b0110f2e)][39m Driver proxy active, passing request on via HTTP proxy
[35m[WD Proxy][39m Replacing sessionId 05f40fbc-9e44-4a0c-b5c5-d19369759ee9 with b0110f2e-22c9-41dd-a599-53e0d3f2c0f9
[35m[HTTP][39m [37m<-- GET /wd/hub/session/b0110f2e-22c9-41dd-a599-53e0d3f2c0f9/element/00000000-0000-001b-0000-006000000002/text [39m[32m200[39m [90m16 ms - 129[39m
[35m[HTTP][39m [90m[39m
[35m[HTTP][39m [37m-->[39m [37mGET[39m [37m/wd/hub/session/b0110f2e-22c9-41dd-a599-53e0d3f2c0f9/source[39m
[35m[HTTP][39m [90m{}[39m
[35m[W3C (b0110f2e)][39m Driver proxy active, passing request on via HTTP proxy
[35m[WD Proxy][39m Replacing sessionId 05f40fbc-9e44-4a0c-b5c5-d19369759ee9 with b0110f2e-22c9-41dd-a599-53e0d3f2c0f9
[35m[HTTP][39m [37m<-- GET /wd/hub/session/b0110f2e-22c9-41dd-a599-53e0d3f2c0f9/source [39m[32m200[39m [90m534 ms - 61794[39m
[35m[HTTP][39m [90m[39m
[35m[HTTP][39m [37m-->[39m [37mGET[39m [37m/wd/hub/session/b0110f2e-22c9-41dd-a599-53e0d3f2c0f9/screenshot[39m
[35m[HTTP][39m [90m{}[39m
[35m[HTTP][39m [37m<-- GET /wd/hub/session/b0110f2e-22c9-41dd-a599-53e0d3f2c0f9/screenshot [39m[32m200[39m [90m1198 ms - 398876[39m
[35m[HTTP][39m [90m[39m
[35m[HTTP][39m [37m-->[39m [37mDELETE[39m [37m/wd/hub/session/b0110f2e-22c9-41dd-a599-53e0d3f2c0f9[39m
[35m[HTTP][39m [90m{}[39m
[35m[Appium][39m Removing session b0110f2e-22c9-41dd-a599-53e0d3f2c0f9 from our master session list
[35m[UiAutomator2][39m Restoring hidden api policy to the device default configuration
[35m[HTTP][39m [37m<-- DELETE /wd/hub/session/b0110f2e-22c9-41dd-a599-53e0d3f2c0f9 [39m[32m200[39m [90m503 ms - 14[39m
[35m[HTTP][39m [90m[39m
